<?xml version="1.0" encoding="UTF-8"?>
<testng-results skipped="0" failed="0" ignored="0" total="1" passed="1">
  <reporter-output>
  </reporter-output>
  <suite name="Default suite" duration-ms="39" started-at="2018-11-21T12:42:45Z" finished-at="2018-11-21T12:42:45Z">
    <groups>
    </groups>
    <test name="Default test" duration-ms="39" started-at="2018-11-21T12:42:45Z" finished-at="2018-11-21T12:42:45Z">
      <class name="logintest">
        <test-method status="PASS" signature="launchbrowser()[pri:0, instance:logintest@cc285f4]" name="launchbrowser" is-config="true" duration-ms="4433" started-at="2018-11-21T12:42:40Z" finished-at="2018-11-21T12:42:45Z">
          <reporter-output>
          </reporter-output>
        </test-method> <!-- launchbrowser -->
        <test-method status="PASS" signature="login()[pri:0, instance:logintest@cc285f4]" name="login" duration-ms="6" started-at="2018-11-21T12:42:45Z" finished-at="2018-11-21T12:42:45Z">
          <reporter-output>
          </reporter-output>
        </test-method> <!-- login -->
        <test-method status="PASS" signature="logout()[pri:0, instance:logintest@cc285f4]" name="logout" is-config="true" duration-ms="1" started-at="2018-11-21T12:42:45Z" finished-at="2018-11-21T12:42:45Z">
          <reporter-output>
          </reporter-output>
        </test-method> <!-- logout -->
        <test-method status="FAIL" signature="closebrowser()[pri:0, instance:logintest@cc285f4]" name="closebrowser" is-config="true" duration-ms="0" started-at="2018-11-21T12:42:45Z" finished-at="2018-11-21T12:42:45Z">
          <exception class="java.lang.NullPointerException">
            <full-stacktrace>
              <![CDATA[java.lang.NullPointerException
at baseclass.closebrowser(baseclass.java:41)
at sun.reflect.NativeMethodAccessorImpl.invoke0(Native Method)
at sun.reflect.NativeMethodAccessorImpl.invoke(Unknown Source)
at sun.reflect.DelegatingMethodAccessorImpl.invoke(Unknown Source)
at java.lang.reflect.Method.invoke(Unknown Source)
at org.testng.internal.MethodInvocationHelper.invokeMethod(MethodInvocationHelper.java:124)
at org.testng.internal.MethodInvocationHelper.invokeMethodConsideringTimeout(MethodInvocationHelper.java:59)
at org.testng.internal.Invoker.invokeConfigurationMethod(Invoker.java:455)
at org.testng.internal.Invoker.invokeConfigurations(Invoker.java:222)
at org.testng.internal.Invoker.invokeConfigurations(Invoker.java:142)
at org.testng.SuiteRunner.privateRun(SuiteRunner.java:425)
at org.testng.SuiteRunner.run(SuiteRunner.java:364)
at org.testng.SuiteRunnerWorker.runSuite(SuiteRunnerWorker.java:52)
at org.testng.SuiteRunnerWorker.run(SuiteRunnerWorker.java:84)
at org.testng.TestNG.runSuitesSequentially(TestNG.java:1208)
at org.testng.TestNG.runSuitesLocally(TestNG.java:1137)
at org.testng.TestNG.runSuites(TestNG.java:1049)
at org.testng.TestNG.run(TestNG.java:1017)
at org.testng.remote.AbstractRemoteTestNG.run(AbstractRemoteTestNG.java:114)
at org.testng.remote.RemoteTestNG.initAndRun(RemoteTestNG.java:251)
at org.testng.remote.RemoteTestNG.main(RemoteTestNG.java:77)
]]>
            </full-stacktrace>
          </exception> <!-- java.lang.NullPointerException -->
          <reporter-output>
          </reporter-output>
        </test-method> <!-- closebrowser -->
      </class> <!-- logintest -->
    </test> <!-- Default test -->
  </suite> <!-- Default suite -->
</testng-results>
